<?xml version="1.0" encoding="UTF-8"?>
<testsuite name="testing.LoginTest" tests="1" skipped="0" failures="0" errors="0" timestamp="2020-11-23T06:24:17" hostname="Zareliux" time="35.597">
  <properties/>
  <testcase name="IniciaSesion" classname="testing.LoginTest" time="35.597"/>
  <system-out><![CDATA[]]></system-out>
  <system-err><![CDATA[nov 23, 2020 1:24:17 AM org.openqa.selenium.remote.DesiredCapabilities chrome
INFORMACIÓN: Using `new ChromeOptions()` is preferred to `DesiredCapabilities.chrome()`
Starting ChromeDriver 87.0.4280.20 (c99e81631faa0b2a448e658c0dbd8311fb04ddbd-refs/branch-heads/4280@{#355}) on port 35049
Only local connections are allowed.
Please see https://chromedriver.chromium.org/security-considerations for suggestions on keeping ChromeDriver safe.
ChromeDriver was started successfully.
nov 23, 2020 1:24:29 AM org.openqa.selenium.remote.ProtocolHandshake createSession
INFORMACIÓN: Detected dialect: W3C
]]></system-err>
</testsuite>
